<?xml version="1.0" encoding="UTF-8"?>
<testsuite xmlns:xsi="http://www.w3.org/2001/XMLSchema-instance" xsi:noNamespaceSchemaLocation="https://maven.apache.org/surefire/maven-surefire-plugin/xsd/surefire-test-report-3.0.xsd" version="3.0" name="isen.db.daos.PersonDaoTestCase" time="0.206" tests="6" errors="0" skipped="0" failures="0">
  <properties>
[...]
</properties>
  <testcase name="shouldNotGetUnknownPerson" classname="isen.db.daos.PersonDaoTestCase" time="0.134"/>
  <testcase name="shouldListPeople" classname="isen.db.daos.PersonDaoTestCase" time="0.017"/>
  <testcase name="shouldAddPerson" classname="isen.db.daos.PersonDaoTestCase" time="0.014"/>
  <testcase name="shouldGetPersonByName" classname="isen.db.daos.PersonDaoTestCase" time="0.008"/>
  <testcase name="shouldUpdatePerson" classname="isen.db.daos.PersonDaoTestCase" time="0.008"/>
  <testcase name="shouldRemovePerson" classname="isen.db.daos.PersonDaoTestCase" time="0.009"/>
</testsuite>